#
# A fatal error has been detected by the Java Runtime Environment:
#
#  EXCEPTION_ACCESS_VIOLATION (0xc0000005) at pc=0x0000000062484d63, pid=7200, tid=9440
#
# JRE version: Java(TM) SE Runtime Environment (8.0_05-b13) (build 1.8.0_05-b13)
# Java VM: Java HotSpot(TM) 64-Bit Server VM (25.5-b02 mixed mode windows-amd64 compressed oops)
# Problematic frame:
# C  [pthreadGC2.dll+0x4d63]
#
# Failed to write core dump. Minidumps are not enabled by default on client versions of Windows
#
# If you would like to submit a bug report, please visit:
#   http://bugreport.sun.com/bugreport/crash.jsp
# The crash happened outside the Java Virtual Machine in native code.
# See problematic frame for where to report the bug.
#

---------------  T H R E A D  ---------------

Current thread (0x00000000080ea000):  JavaThread "Thread-7" [_thread_in_native, id=9440, stack(0x000000000e480000,0x000000000e580000)]

siginfo: ExceptionCode=0xc0000005, reading address 0x0000000000000008

Registers:
RAX=0x0000000000000000, RBX=0x0000000000000002, RCX=0x000000000e57e4b0, RDX=0x000000000eea7ab8
RSP=0x000000000e57e468, RBP=0x00000000702fbcc0, RSI=0x0000000000000010, RDI=0x00000000216d4350
R8 =0x0000000000000008, R9 =0x00000000fffffff7, R10=0x0000000000000000, R11=0x0000000000000001
R12=0x0000000000000a44, R13=0x0000000000000003, R14=0x00007ffa9be91020, R15=0x00007ffa9be91ce0
RIP=0x0000000062484d63, EFLAGS=0x0000000000010246

Top of Stack: (sp=0x000000000e57e468)
0x000000000e57e468:   0000000070277a9d 0000000000000001
0x000000000e57e478:   0000000000000000 0000000000000000
0x000000000e57e488:   0000000000000000 fffffffffffffffe
0x000000000e57e498:   ffffffffffffffff 000000001fd47100
0x000000000e57e4a8:   00007ffa9be91ce0 0000000000000000
0x000000000e57e4b8:   0000000000000000 000000000000008e
0x000000000e57e4c8:   00000000216540b0 0000000000000000
0x000000000e57e4d8:   0000000021690020 0000000000000000
0x000000000e57e4e8:   0000000000000000 000000001fd47318
0x000000000e57e4f8:   00000000000000b8 000000001fd47470
0x000000000e57e508:   000000007024cfee 000000007023a1c0
0x000000000e57e518:   0000000000000001 000000001fd47478
0x000000000e57e528:   000000001fd47430 000000001fd47430
0x000000000e57e538:   000000001fd47430 000000001fd47430
0x000000000e57e548:   000000000e2d7760 00000000216540b0
0x000000000e57e558:   0000000000000000 000000001fd47268 

Instructions: (pc=0x0000000062484d63)
0x0000000062484d43:   ff ff 66 66 2e 0f 1f 84 00 00 00 00 00 e9 cb eb
0x0000000062484d53:   ff ff 66 66 2e 0f 1f 84 00 00 00 00 00 48 8b 01
0x0000000062484d63:   48 8b 40 08 c3 0f 1f 84 00 00 00 00 00 48 8b 01
0x0000000062484d73:   8b 80 98 01 00 00 c3 66 0f 1f 44 00 00 48 8b 01 


Register to memory mapping:

RAX=0x0000000000000000 is an unknown value
RBX=0x0000000000000002 is an unknown value
RCX=0x000000000e57e4b0 is pointing into the stack for thread: 0x00000000080ea000
RDX=0x000000000eea7ab8 is an unknown value
RSP=0x000000000e57e468 is pointing into the stack for thread: 0x00000000080ea000
RBP=0x00000000702fbcc0 is an unknown value
RSI=0x0000000000000010 is an unknown value
RDI=0x00000000216d4350 is an unknown value
R8 =0x0000000000000008 is an unknown value
R9 =0x00000000fffffff7 is an unallocated location in the heap
R10=0x0000000000000000 is an unknown value
R11=0x0000000000000001 is an unknown value
R12=0x0000000000000a44 is an unknown value
R13=0x0000000000000003 is an unknown value
R14=0x00007ffa9be91020 is an unknown value
R15=0x00007ffa9be91ce0 is an unknown value


Stack: [0x000000000e480000,0x000000000e580000],  sp=0x000000000e57e468,  free space=1017k
Native frames: (J=compiled Java code, j=interpreted, Vv=VM code, C=native code)
C  [pthreadGC2.dll+0x4d63]
C  [libswipl.dll+0x77a9d]
C  [libswipl.dll+0x4cfee]
C  [libswipl.dll+0x1468a]
C  [jpl.dll+0xe5e7]
C  0x000000000ff73c8c

Java frames: (J=compiled Java code, j=interpreted, Vv=VM code)
J 4651  jpl.fli.Prolog.next_solution(Ljpl/fli/qid_t;)Z (0 bytes) @ 0x000000000ff73c12 [0x000000000ff73bc0+0x52]
J 4660 C1 jpl.Query.get1()Z (60 bytes) @ 0x000000000ff94404 [0x000000000ff94380+0x84]
J 4657 C1 jpl.Query.oneSolution()Ljava/util/Hashtable; (40 bytes) @ 0x000000000ff936f4 [0x000000000ff93300+0x3f4]
j  jpl.Query.hasSolution()Z+1
j  com.cfm.productline.solver.SWIPrologSolver.loadSWIProgram(Ljava/lang/String;)Z+64
j  com.cfm.productline.solver.SWIPrologSolver.doQuery(Lcom/cfm/productline/solver/Configuration;Lcom/cfm/productline/solver/ConfigurationOptions;)V+174
j  com.cfm.productline.solver.SWIPrologSolver.solve(Lcom/cfm/productline/solver/Configuration;Lcom/cfm/productline/solver/ConfigurationOptions;)V+57
j  com.variamos.defectAnalyzer.util.SolverOperationsUtil.getConfiguration(Lcom/cfm/hlcl/HlclProgram;Lcom/cfm/productline/solver/Configuration;Lcom/cfm/productline/solver/ConfigurationOptions;)Lcom/cfm/productline/solver/Configuration;+16
j  com.variamos.defectAnalyzer.defectAnalyzer.DefectsVerifier.isFalseOptionalElement(Lcom/cfm/hlcl/Identifier;)Lcom/variamos/defectAnalyzer/model/defects/Defect;+49
j  com.variamos.defectAnalyzer.defectAnalyzer.DefectsVerifier.getFalseOptionalElements(Ljava/util/Set;)Ljava/util/List;+32
j  com.variamos.gui.maineditor.VariamosGraphEditor.configModel(Z)V+178
j  com.variamos.gui.maineditor.VariamosGraphEditor$9$1.run()V+22
v  ~StubRoutines::call_stub

---------------  P R O C E S S  ---------------

Java Threads: ( => current thread )
=>0x00000000080ea000 JavaThread "Thread-7" [_thread_in_native, id=9440, stack(0x000000000e480000,0x000000000e580000)]
  0x00000000080e8800 JavaThread "Thread-6" [_thread_blocked, id=10480, stack(0x000000000b6e0000,0x000000000b7e0000)]
  0x000000000bfce800 JavaThread "Swing-Shell" daemon [_thread_blocked, id=1692, stack(0x000000001e010000,0x000000001e110000)]
  0x000000000bfd2800 JavaThread "D3D Screen Updater" daemon [_thread_blocked, id=8044, stack(0x000000000e590000,0x000000000e690000)]
  0x0000000002972800 JavaThread "DestroyJavaVM" [_thread_blocked, id=2920, stack(0x0000000002870000,0x0000000002970000)]
  0x00000000089da000 JavaThread "TimerQueue" daemon [_thread_blocked, id=10384, stack(0x000000000bc50000,0x000000000bd50000)]
  0x0000000008757000 JavaThread "AWT-EventQueue-0" [_thread_blocked, id=4780, stack(0x000000000b5e0000,0x000000000b6e0000)]
  0x0000000008906800 JavaThread "AWT-Shutdown" [_thread_blocked, id=10728, stack(0x000000000b4e0000,0x000000000b5e0000)]
  0x000000000816d000 JavaThread "AWT-Windows" daemon [_thread_in_native, id=6300, stack(0x0000000008e70000,0x0000000008f70000)]
  0x000000000816b000 JavaThread "Java2D Disposer" daemon [_thread_blocked, id=10424, stack(0x0000000008c70000,0x0000000008d70000)]
  0x0000000007dc2000 JavaThread "Service Thread" daemon [_thread_blocked, id=9356, stack(0x0000000008270000,0x0000000008370000)]
  0x0000000007d80800 JavaThread "C1 CompilerThread2" daemon [_thread_blocked, id=8272, stack(0x0000000008170000,0x0000000008270000)]
  0x0000000006072800 JavaThread "C2 CompilerThread1" daemon [_thread_blocked, id=10904, stack(0x0000000007c70000,0x0000000007d70000)]
  0x0000000006063800 JavaThread "C2 CompilerThread0" daemon [_thread_blocked, id=8536, stack(0x0000000007b70000,0x0000000007c70000)]
  0x0000000006057800 JavaThread "JDWP Command Reader" daemon [_thread_in_native, id=9480, stack(0x0000000007a70000,0x0000000007b70000)]
  0x0000000006051000 JavaThread "JDWP Event Helper Thread" daemon [_thread_blocked, id=10020, stack(0x0000000007970000,0x0000000007a70000)]
  0x0000000006044000 JavaThread "JDWP Transport Listener: dt_socket" daemon [_thread_blocked, id=8464, stack(0x0000000007870000,0x0000000007970000)]
  0x000000000603d000 JavaThread "Attach Listener" daemon [_thread_blocked, id=8812, stack(0x0000000007490000,0x0000000007590000)]
  0x000000000603c000 JavaThread "Signal Dispatcher" daemon [_thread_blocked, id=8460, stack(0x0000000007390000,0x0000000007490000)]
  0x0000000002a63800 JavaThread "Finalizer" daemon [_thread_blocked, id=10320, stack(0x0000000007290000,0x0000000007390000)]
  0x0000000006008000 JavaThread "Reference Handler" daemon [_thread_blocked, id=10488, stack(0x0000000007190000,0x0000000007290000)]

Other Threads:
  0x0000000006005800 VMThread [stack: 0x0000000007090000,0x0000000007190000] [id=8552]
  0x0000000007dc6000 WatcherThread [stack: 0x0000000008370000,0x0000000008470000] [id=4868]

VM state:not at safepoint (normal execution)

VM Mutex/Monitor currently owned by a thread: None

Heap:
 PSYoungGen      total 43520K, used 38521K [0x00000000eb400000, 0x00000000ee700000, 0x0000000100000000)
  eden space 37888K, 91% used [0x00000000eb400000,0x00000000ed605430,0x00000000ed900000)
  from space 5632K, 65% used [0x00000000ed900000,0x00000000edc992c8,0x00000000ede80000)
  to   space 6144K, 0% used [0x00000000ee100000,0x00000000ee100000,0x00000000ee700000)
 ParOldGen       total 14848K, used 10555K [0x00000000c1c00000, 0x00000000c2a80000, 0x00000000eb400000)
  object space 14848K, 71% used [0x00000000c1c00000,0x00000000c264ef50,0x00000000c2a80000)
 Metaspace       used 24134K, capacity 24470K, committed 24752K, reserved 1071104K
  class space    used 3139K, capacity 3195K, committed 3248K, reserved 1048576K

Card table byte_map: [0x0000000002e30000,0x0000000003030000] byte_map_base: 0x0000000002822000

Marking Bits: (ParMarkBitMap*) 0x0000000063e113b0
 Begin Bits: [0x0000000003580000, 0x0000000004510000)
 End Bits:   [0x0000000004510000, 0x00000000054a0000)

Polling page: 0x0000000000bb0000

CodeCache: size=245760Kb used=19556Kb max_used=20533Kb free=226203Kb
 bounds [0x000000000f010000, 0x0000000010490000, 0x000000001e010000]
 total_blobs=5891 nmethods=5284 adapters=526
 compilation: enabled

Compilation events (10 events):
Event: 289.614 Thread 0x0000000007d80800 nmethod 6052 0x000000000f20c810 code [0x000000000f20ca40, 0x000000000f20d898]
Event: 289.614 Thread 0x0000000007d80800 6050       3       java.util.regex.Pattern::<init> (90 bytes)
Event: 289.617 Thread 0x0000000007d80800 nmethod 6050 0x000000000f3cec10 code [0x000000000f3cede0, 0x000000000f3cf658]
Event: 289.617 Thread 0x0000000007d80800 6049       3       java.util.regex.Pattern::compile (10 bytes)
Event: 289.617 Thread 0x0000000007d80800 nmethod 6049 0x000000000f224290 code [0x000000000f224400, 0x000000000f2245e8]
Event: 289.617 Thread 0x0000000007d80800 6051       3       java.util.regex.Matcher::quoteReplacement (82 bytes)
Event: 289.691 Thread 0x0000000006072800 nmethod 6053 0x000000000f741250 code [0x000000000f7413a0, 0x000000000f7415a8]
Event: 289.691 Thread 0x0000000007d80800 nmethod 6051 0x000000000f1f4c90 code [0x000000000f1f4f00, 0x000000000f1f6038]
Event: 290.179 Thread 0x0000000007d80800 6054       3       java.util.TreeMap::get (19 bytes)
Event: 290.180 Thread 0x0000000007d80800 nmethod 6054 0x000000000f7bb010 code [0x000000000f7bb180, 0x000000000f7bb408]

GC Heap History (10 events):
Event: 59.704 GC heap before
{Heap before GC invocations=27 (full 2):
 PSYoungGen      total 37376K, used 34969K [0x00000000eb400000, 0x00000000edc80000, 0x0000000100000000)
  eden space 34304K, 100% used [0x00000000eb400000,0x00000000ed580000,0x00000000ed580000)
  from space 3072K, 21% used [0x00000000ed980000,0x00000000eda265c0,0x00000000edc80000)
  to   space 3584K, 0% used [0x00000000ed580000,0x00000000ed580000,0x00000000ed900000)
 ParOldGen       total 14848K, used 10232K [0x00000000c1c00000, 0x00000000c2a80000, 0x00000000eb400000)
  object space 14848K, 68% used [0x00000000c1c00000,0x00000000c25fe298,0x00000000c2a80000)
 Metaspace       used 23588K, capacity 23940K, committed 24240K, reserved 1071104K
  class space    used 3124K, capacity 3192K, committed 3248K, reserved 1048576K
Event: 59.712 GC heap after
Heap after GC invocations=27 (full 2):
 PSYoungGen      total 37888K, used 3553K [0x00000000eb400000, 0x00000000ee000000, 0x0000000100000000)
  eden space 34304K, 0% used [0x00000000eb400000,0x00000000eb400000,0x00000000ed580000)
  from space 3584K, 99% used [0x00000000ed580000,0x00000000ed8f84e0,0x00000000ed900000)
  to   space 4096K, 0% used [0x00000000edc00000,0x00000000edc00000,0x00000000ee000000)
 ParOldGen       total 14848K, used 10408K [0x00000000c1c00000, 0x00000000c2a80000, 0x00000000eb400000)
  object space 14848K, 70% used [0x00000000c1c00000,0x00000000c262a298,0x00000000c2a80000)
 Metaspace       used 23588K, capacity 23940K, committed 24240K, reserved 1071104K
  class space    used 3124K, capacity 3192K, committed 3248K, reserved 1048576K
}
Event: 65.161 GC heap before
{Heap before GC invocations=28 (full 2):
 PSYoungGen      total 37888K, used 37857K [0x00000000eb400000, 0x00000000ee000000, 0x0000000100000000)
  eden space 34304K, 100% used [0x00000000eb400000,0x00000000ed580000,0x00000000ed580000)
  from space 3584K, 99% used [0x00000000ed580000,0x00000000ed8f84e0,0x00000000ed900000)
  to   space 4096K, 0% used [0x00000000edc00000,0x00000000edc00000,0x00000000ee000000)
 ParOldGen       total 14848K, used 10408K [0x00000000c1c00000, 0x00000000c2a80000, 0x00000000eb400000)
  object space 14848K, 70% used [0x00000000c1c00000,0x00000000c262a298,0x00000000c2a80000)
 Metaspace       used 23703K, capacity 24080K, committed 24240K, reserved 1071104K
  class space    used 3129K, capacity 3194K, committed 3248K, reserved 1048576K
Event: 65.174 GC heap after
Heap after GC invocations=28 (full 2):
 PSYoungGen      total 39936K, used 3956K [0x00000000eb400000, 0x00000000ee200000, 0x0000000100000000)
  eden space 35840K, 0% used [0x00000000eb400000,0x00000000eb400000,0x00000000ed700000)
  from space 4096K, 96% used [0x00000000edc00000,0x00000000edfdd2d8,0x00000000ee000000)
  to   space 5120K, 0% used [0x00000000ed700000,0x00000000ed700000,0x00000000edc00000)
 ParOldGen       total 14848K, used 10539K [0x00000000c1c00000, 0x00000000c2a80000, 0x00000000eb400000)
  object space 14848K, 70% used [0x00000000c1c00000,0x00000000c264af50,0x00000000c2a80000)
 Metaspace       used 23703K, capacity 24080K, committed 24240K, reserved 1071104K
  class space    used 3129K, capacity 3194K, committed 3248K, reserved 1048576K
}
Event: 67.285 GC heap before
{Heap before GC invocations=29 (full 2):
 PSYoungGen      total 39936K, used 39796K [0x00000000eb400000, 0x00000000ee200000, 0x0000000100000000)
  eden space 35840K, 100% used [0x00000000eb400000,0x00000000ed700000,0x00000000ed700000)
  from space 4096K, 96% used [0x00000000edc00000,0x00000000edfdd2d8,0x00000000ee000000)
  to   space 5120K, 0% used [0x00000000ed700000,0x00000000ed700000,0x00000000edc00000)
 ParOldGen       total 14848K, used 10539K [0x00000000c1c00000, 0x00000000c2a80000, 0x00000000eb400000)
  object space 14848K, 70% used [0x00000000c1c00000,0x00000000c264af50,0x00000000c2a80000)
 Metaspace       used 23712K, capacity 24080K, committed 24240K, reserved 1071104K
  class space    used 3129K, capacity 3194K, committed 3248K, reserved 1048576K
Event: 67.292 GC heap after
Heap after GC invocations=29 (full 2):
 PSYoungGen      total 40960K, used 3370K [0x00000000eb400000, 0x00000000ee380000, 0x0000000100000000)
  eden space 35840K, 0% used [0x00000000eb400000,0x00000000eb400000,0x00000000ed700000)
  from space 5120K, 65% used [0x00000000ed700000,0x00000000eda4aba8,0x00000000edc00000)
  to   space 5120K, 0% used [0x00000000ede80000,0x00000000ede80000,0x00000000ee380000)
 ParOldGen       total 14848K, used 10539K [0x00000000c1c00000, 0x00000000c2a80000, 0x00000000eb400000)
  object space 14848K, 70% used [0x00000000c1c00000,0x00000000c264af50,0x00000000c2a80000)
 Metaspace       used 23712K, capacity 24080K, committed 24240K, reserved 1071104K
  class space    used 3129K, capacity 3194K, committed 3248K, reserved 1048576K
}
Event: 68.718 GC heap before
{Heap before GC invocations=30 (full 2):
 PSYoungGen      total 40960K, used 39210K [0x00000000eb400000, 0x00000000ee380000, 0x0000000100000000)
  eden space 35840K, 100% used [0x00000000eb400000,0x00000000ed700000,0x00000000ed700000)
  from space 5120K, 65% used [0x00000000ed700000,0x00000000eda4aba8,0x00000000edc00000)
  to   space 5120K, 0% used [0x00000000ede80000,0x00000000ede80000,0x00000000ee380000)
 ParOldGen       total 14848K, used 10539K [0x00000000c1c00000, 0x00000000c2a80000, 0x00000000eb400000)
  object space 14848K, 70% used [0x00000000c1c00000,0x00000000c264af50,0x00000000c2a80000)
 Metaspace       used 23712K, capacity 24080K, committed 24240K, reserved 1071104K
  class space    used 3129K, capacity 3194K, committed 3248K, reserved 1048576K
Event: 68.723 GC heap after
Heap after GC invocations=30 (full 2):
 PSYoungGen      total 43008K, used 4355K [0x00000000eb400000, 0x00000000ee480000, 0x0000000100000000)
  eden space 37888K, 0% used [0x00000000eb400000,0x00000000eb400000,0x00000000ed900000)
  from space 5120K, 85% used [0x00000000ede80000,0x00000000ee2c0f78,0x00000000ee380000)
  to   space 5632K, 0% used [0x00000000ed900000,0x00000000ed900000,0x00000000ede80000)
 ParOldGen       total 14848K, used 10547K [0x00000000c1c00000, 0x00000000c2a80000, 0x00000000eb400000)
  object space 14848K, 71% used [0x00000000c1c00000,0x00000000c264cf50,0x00000000c2a80000)
 Metaspace       used 23712K, capacity 24080K, committed 24240K, reserved 1071104K
  class space    used 3129K, capacity 3194K, committed 3248K, reserved 1048576K
}
Event: 118.021 GC heap before
{Heap before GC invocations=31 (full 2):
 PSYoungGen      total 43008K, used 42243K [0x00000000eb400000, 0x00000000ee480000, 0x0000000100000000)
  eden space 37888K, 100% used [0x00000000eb400000,0x00000000ed900000,0x00000000ed900000)
  from space 5120K, 85% used [0x00000000ede80000,0x00000000ee2c0f78,0x00000000ee380000)
  to   space 5632K, 0% used [0x00000000ed900000,0x00000000ed900000,0x00000000ede80000)
 ParOldGen       total 14848K, used 10547K [0x00000000c1c00000, 0x00000000c2a80000, 0x00000000eb400000)
  object space 14848K, 71% used [0x00000000c1c00000,0x00000000c264cf50,0x00000000c2a80000)
 Metaspace       used 23979K, capacity 24342K, committed 24496K, reserved 1071104K
  class space    used 3132K, capacity 3195K, committed 3248K, reserved 1048576K
Event: 118.032 GC heap after
Heap after GC invocations=31 (full 2):
 PSYoungGen      total 43520K, used 3684K [0x00000000eb400000, 0x00000000ee700000, 0x0000000100000000)
  eden space 37888K, 0% used [0x00000000eb400000,0x00000000eb400000,0x00000000ed900000)
  from space 5632K, 65% used [0x00000000ed900000,0x00000000edc992c8,0x00000000ede80000)
  to   space 6144K, 0% used [0x00000000ee100000,0x00000000ee100000,0x00000000ee700000)
 ParOldGen       total 14848K, used 10555K [0x00000000c1c00000, 0x00000000c2a80000, 0x00000000eb400000)
  object space 14848K, 71% used [0x00000000c1c00000,0x00000000c264ef50,0x00000000c2a80000)
 Metaspace       used 23979K, capacity 24342K, committed 24496K, reserved 1071104K
  class space    used 3132K, capacity 3195K, committed 3248K, reserved 1048576K
}

Deoptimization events (10 events):
Event: 44.478 Thread 0x0000000008757000 Uncommon trap: reason=class_check action=maybe_recompile pc=0x000000000fee6920 method=java.util.regex.Pattern$Start.match(Ljava/util/regex/Matcher;ILjava/lang/CharSequence;)Z @ 44
Event: 45.707 Thread 0x0000000008757000 Uncommon trap: reason=class_check action=maybe_recompile pc=0x000000000ff08048 method=java.util.Hashtable.containsKey(Ljava/lang/Object;)Z @ 45
Event: 45.707 Thread 0x0000000008757000 Uncommon trap: reason=class_check action=maybe_recompile pc=0x000000000ff08048 method=java.util.Hashtable.containsKey(Ljava/lang/Object;)Z @ 45
Event: 49.356 Thread 0x0000000008757000 Uncommon trap: reason=unreached action=reinterpret pc=0x000000000ffa5898 method=java.util.TreeMap.getEntry(Ljava/lang/Object;)Ljava/util/TreeMap$Entry; @ 36
Event: 87.777 Thread 0x0000000008757000 Uncommon trap: reason=class_check action=maybe_recompile pc=0x000000000f11bf00 method=java.awt.KeyboardFocusManager.clearMostRecentFocusOwner(Ljava/awt/Component;)V @ 67
Event: 87.842 Thread 0x0000000008757000 Uncommon trap: reason=bimorphic action=maybe_recompile pc=0x000000000fea263c method=java.util.AbstractCollection.addAll(Ljava/util/Collection;)Z @ 29
Event: 88.003 Thread 0x0000000008757000 Uncommon trap: reason=bimorphic action=maybe_recompile pc=0x000000000fea263c method=java.util.AbstractCollection.addAll(Ljava/util/Collection;)Z @ 29
Event: 92.043 Thread 0x0000000008757000 Uncommon trap: reason=unreached action=reinterpret pc=0x000000000ff60200 method=java.util.HashMap.entrySet()Ljava/util/Set; @ 6
Event: 121.233 Thread 0x00000000080ea000 Uncommon trap: reason=unreached action=reinterpret pc=0x000000000f217d30 method=java.util.TreeMap.get(Ljava/lang/Object;)Ljava/lang/Object; @ 7
Event: 285.746 Thread 0x00000000080ea000 Uncommon trap: reason=unreached action=reinterpret pc=0x000000000f912c68 method=sun.awt.PostEventQueue.flush()V @ 23

Internal exceptions (10 events):
Event: 59.374 Thread 0x0000000008757000 Exception <a 'java/security/PrivilegedActionException'> (0x00000000ed3dd010) thrown at [D:\re\workspace\8-2-build-windows-amd64-cygwin\jdk8u5\2488\hotspot\src\share\vm\prims\jvm.cpp, line 1248]
Event: 59.377 Thread 0x0000000008757000 Exception <a 'java/security/PrivilegedActionException'> (0x00000000ed3e1500) thrown at [D:\re\workspace\8-2-build-windows-amd64-cygwin\jdk8u5\2488\hotspot\src\share\vm\prims\jvm.cpp, line 1248]
Event: 59.446 Thread 0x0000000008757000 Exception <a 'java/security/PrivilegedActionException'> (0x00000000ed449c70) thrown at [D:\re\workspace\8-2-build-windows-amd64-cygwin\jdk8u5\2488\hotspot\src\share\vm\prims\jvm.cpp, line 1248]
Event: 59.563 Thread 0x0000000008757000 Exception <a 'java/security/PrivilegedActionException'> (0x00000000ed51b150) thrown at [D:\re\workspace\8-2-build-windows-amd64-cygwin\jdk8u5\2488\hotspot\src\share\vm\prims\jvm.cpp, line 1248]
Event: 60.164 Thread 0x0000000008757000 Exception <a 'java/security/PrivilegedActionException'> (0x00000000eb424a40) thrown at [D:\re\workspace\8-2-build-windows-amd64-cygwin\jdk8u5\2488\hotspot\src\share\vm\prims\jvm.cpp, line 1248]
Event: 87.857 Thread 0x0000000008757000 Exception <a 'java/security/PrivilegedActionException'> (0x00000000eb9655b8) thrown at [D:\re\workspace\8-2-build-windows-amd64-cygwin\jdk8u5\2488\hotspot\src\share\vm\prims\jvm.cpp, line 1248]
Event: 118.991 Thread 0x0000000008757000 Exception <a 'java/security/PrivilegedActionException'> (0x00000000eb44e560) thrown at [D:\re\workspace\8-2-build-windows-amd64-cygwin\jdk8u5\2488\hotspot\src\share\vm\prims\jvm.cpp, line 1248]
Event: 121.251 Thread 0x00000000080ea000 Implicit null exception at 0x000000000ff976e1 to 0x000000000ff98421
Event: 138.358 Thread 0x00000000080ea000 Exception <a 'java/lang/NullPointerException'> (0x00000000ebaee6a8) thrown at [D:\re\workspace\8-2-build-windows-amd64-cygwin\jdk8u5\2488\hotspot\src\share\vm\runtime\sharedRuntime.cpp, line 595]
Event: 290.181 Thread 0x00000000080e8800 Implicit null exception at 0x000000000ff976e1 to 0x000000000ff98421

Events (10 events):
Event: 288.995 Executing VM operation: GetOrSetLocal
Event: 288.995 Executing VM operation: GetOrSetLocal done
Event: 288.997 Executing VM operation: GetOrSetLocal
Event: 288.998 Executing VM operation: GetOrSetLocal done
Event: 288.998 Executing VM operation: GetOrSetLocal
Event: 288.998 Executing VM operation: GetOrSetLocal done
Event: 288.999 Executing VM operation: GetOrSetLocal
Event: 288.999 Executing VM operation: GetOrSetLocal done
Event: 289.000 Executing VM operation: GetOrSetLocal
Event: 289.000 Executing VM operation: GetOrSetLocal done


Dynamic libraries:
0x00007ff7760d0000 - 0x00007ff776104000 	C:\Program Files\Java\jre8\bin\javaw.exe
0x00007ffa9c420000 - 0x00007ffa9c5c9000 	C:\Windows\SYSTEM32\ntdll.dll
0x00007ffa9be90000 - 0x00007ffa9bfc9000 	C:\Windows\system32\KERNEL32.DLL
0x00007ffa99ba0000 - 0x00007ffa99caf000 	C:\Windows\system32\KERNELBASE.dll
0x00007ffa96f10000 - 0x00007ffa96f9b000 	C:\Windows\system32\apphelp.dll
0x00007ffa928f0000 - 0x00007ffa9293f000 	C:\Windows\AppPatch\AppPatch64\AcGenral.DLL
0x00007ffa9c070000 - 0x00007ffa9c117000 	C:\Windows\system32\msvcrt.dll
0x00007ffa995b0000 - 0x00007ffa995db000 	C:\Windows\SYSTEM32\SspiCli.dll
0x00007ffa9c180000 - 0x00007ffa9c1d1000 	C:\Windows\system32\SHLWAPI.dll
0x00007ffa9b9f0000 - 0x00007ffa9bb61000 	C:\Windows\system32\USER32.dll
0x00007ffa9a310000 - 0x00007ffa9a486000 	C:\Windows\system32\ole32.dll
0x00007ffa9a530000 - 0x00007ffa9b940000 	C:\Windows\system32\SHELL32.dll
0x00007ffa98de0000 - 0x00007ffa98dff000 	C:\Windows\SYSTEM32\USERENV.dll
0x00007ffa9b940000 - 0x00007ffa9b9e5000 	C:\Windows\system32\ADVAPI32.dll
0x00007ffa8ce90000 - 0x00007ffa8ceab000 	C:\Windows\SYSTEM32\MPR.dll
0x00007ffa99ff0000 - 0x00007ffa9a126000 	C:\Windows\system32\RPCRT4.dll
0x00007ffa9c120000 - 0x00007ffa9c177000 	C:\Windows\SYSTEM32\sechost.dll
0x00007ffa9a130000 - 0x00007ffa9a307000 	C:\Windows\SYSTEM32\combase.dll
0x00007ffa99df0000 - 0x00007ffa99f35000 	C:\Windows\system32\GDI32.dll
0x00007ffa997a0000 - 0x00007ffa997b4000 	C:\Windows\SYSTEM32\profapi.dll
0x00007ffa98340000 - 0x00007ffa983e1000 	C:\Windows\SYSTEM32\SHCORE.dll
0x00007ffa9bfd0000 - 0x00007ffa9c004000 	C:\Windows\system32\IMM32.DLL
0x00007ffa9bb70000 - 0x00007ffa9bca8000 	C:\Windows\system32\MSCTF.dll
0x00007ffa99760000 - 0x00007ffa9978f000 	C:\Windows\system32\nvinitx.dll
0x000000000f000000 - 0x000000000f006000 	C:\Program Files\NVIDIA Corporation\CoProcManager\detoured.dll
0x00007ffa98040000 - 0x00007ffa9809f000 	C:\Program Files\NVIDIA Corporation\CoProcManager\nvd3d9wrapx.dll
0x00007ffa9c240000 - 0x00007ffa9c416000 	C:\Windows\system32\SETUPAPI.dll
0x00007ffa998c0000 - 0x00007ffa9990a000 	C:\Windows\system32\CFGMGR32.dll
0x00007ffa97c90000 - 0x00007ffa97cd6000 	C:\Program Files\NVIDIA Corporation\CoProcManager\nvdxgiwrapx.dll
0x00007ffa97790000 - 0x00007ffa979ea000 	C:\Windows\WinSxS\amd64_microsoft.windows.common-controls_6595b64144ccf1df_6.0.9600.16384_none_62475f7becb72503\COMCTL32.dll
0x0000000063e90000 - 0x0000000063f62000 	C:\Program Files\Java\jre8\bin\msvcr100.dll
0x0000000063660000 - 0x0000000063e8a000 	C:\Program Files\Java\jre8\bin\server\jvm.dll
0x00007ffa8efa0000 - 0x00007ffa8efa9000 	C:\Windows\SYSTEM32\WSOCK32.dll
0x00007ffa979f0000 - 0x00007ffa97a0f000 	C:\Windows\SYSTEM32\WINMM.dll
0x00007ffa99d10000 - 0x00007ffa99d17000 	C:\Windows\system32\PSAPI.DLL
0x00007ffa9c010000 - 0x00007ffa9c068000 	C:\Windows\system32\WS2_32.dll
0x00007ffa97750000 - 0x00007ffa9777a000 	C:\Windows\SYSTEM32\WINMMBASE.dll
0x00007ffa9be70000 - 0x00007ffa9be79000 	C:\Windows\system32\NSI.dll
0x00007ffa98600000 - 0x00007ffa98626000 	C:\Windows\SYSTEM32\DEVOBJ.dll
0x0000000063650000 - 0x000000006365f000 	C:\Program Files\Java\jre8\bin\verify.dll
0x0000000063620000 - 0x0000000063648000 	C:\Program Files\Java\jre8\bin\java.dll
0x0000000063550000 - 0x0000000063585000 	C:\Program Files\Java\jre8\bin\jdwp.dll
0x0000000063540000 - 0x0000000063548000 	C:\Program Files\Java\jre8\bin\npt.dll
0x0000000063600000 - 0x0000000063616000 	C:\Program Files\Java\jre8\bin\zip.dll
0x0000000063530000 - 0x0000000063539000 	C:\Program Files\Java\jre8\bin\dt_socket.dll
0x00007ffa8e910000 - 0x00007ffa8e924000 	C:\Windows\system32\napinsp.dll
0x00007ffa8e8f0000 - 0x00007ffa8e909000 	C:\Windows\system32\pnrpnsp.dll
0x00007ffa93c50000 - 0x00007ffa93c69000 	C:\Windows\system32\NLAapi.dll
0x00007ffa99030000 - 0x00007ffa99088000 	C:\Windows\System32\mswsock.dll
0x00007ffa98e40000 - 0x00007ffa98ee3000 	C:\Windows\SYSTEM32\DNSAPI.dll
0x00007ffa8e8a0000 - 0x00007ffa8e8ac000 	C:\Windows\System32\winrnr.dll
0x00007ffa8e880000 - 0x00007ffa8e893000 	C:\Windows\system32\wshbth.dll
0x00007ffa92010000 - 0x00007ffa92077000 	C:\Windows\System32\fwpuclnt.dll
0x00007ffa8e500000 - 0x00007ffa8e509000 	C:\Windows\System32\rasadhlp.dll
0x0000000063390000 - 0x0000000063526000 	C:\Program Files\Java\jre8\bin\awt.dll
0x00007ffa99d20000 - 0x00007ffa99dd7000 	C:\Windows\system32\OLEAUT32.dll
0x00007ffa98480000 - 0x00007ffa985a2000 	C:\Windows\system32\uxtheme.dll
0x00007ffa97ab0000 - 0x00007ffa97ad1000 	C:\Windows\system32\dwmapi.dll
0x00007ffa98330000 - 0x00007ffa9833a000 	C:\Windows\SYSTEM32\kernel.appcore.dll
0x00007ffa99640000 - 0x00007ffa9964a000 	C:\Windows\SYSTEM32\CRYPTBASE.dll
0x00007ffa995e0000 - 0x00007ffa9963e000 	C:\Windows\SYSTEM32\bcryptPrimitives.dll
0x00007ffa8dbd0000 - 0x00007ffa8dbd9000 	C:\Program Files\Synergy\synwinhk.DLL
0x00007ffa82440000 - 0x00007ffa8264a000 	C:\Windows\system32\d3d9.dll
0x00007ffa97a10000 - 0x00007ffa97a1a000 	C:\Windows\SYSTEM32\VERSION.dll
0x00007ffa95b60000 - 0x00007ffa95cc7000 	C:\Windows\SYSTEM32\nvumdshimx.dll
0x00007ffa7ac30000 - 0x00007ffa7bebb000 	C:\Windows\system32\igdumdim64.dll
0x00007ffa942c0000 - 0x00007ffa9470b000 	C:\Windows\SYSTEM32\igdusc64.dll
0x00007ffa6bbc0000 - 0x00007ffa6cd12000 	C:\Windows\system32\nvd3dumx.dll
0x00007ffa99870000 - 0x00007ffa998be000 	C:\Windows\system32\WINTRUST.dll
0x00007ffa99910000 - 0x00007ffa99ae7000 	C:\Windows\system32\CRYPT32.dll
0x00007ffa99850000 - 0x00007ffa99862000 	C:\Windows\system32\MSASN1.dll
0x00007ffa99710000 - 0x00007ffa99755000 	C:\Windows\system32\powrprof.dll
0x0000000063340000 - 0x0000000063387000 	C:\Program Files\Java\jre8\bin\fontmanager.dll
0x00000000635e0000 - 0x00000000635fa000 	C:\Program Files\Java\jre8\bin\net.dll
0x00000000635c0000 - 0x00000000635d1000 	C:\Program Files\Java\jre8\bin\nio.dll
0x000000000aa70000 - 0x000000000ab11000 	C:\Windows\WinSxS\amd64_microsoft.windows.common-controls_6595b64144ccf1df_5.82.9600.16384_none_34a8918f959016ea\comctl32.dll
0x00000000632f0000 - 0x0000000063331000 	C:\Program Files\Java\jre8\bin\t2k.dll
0x00007ffa99f40000 - 0x00007ffa99fe4000 	C:\Windows\SYSTEM32\clbcatq.dll
0x00007ffa95e70000 - 0x00007ffa96003000 	C:\Windows\SYSTEM32\WindowsCodecs.dll
0x00007ffa99090000 - 0x00007ffa990ae000 	C:\Windows\SYSTEM32\CRYPTSP.dll
0x00007ffa98cd0000 - 0x00007ffa98d05000 	C:\Windows\system32\rsaenh.dll
0x00007ffa992c0000 - 0x00007ffa992e6000 	C:\Windows\SYSTEM32\bcrypt.dll
0x00007ffa95cd0000 - 0x00007ffa95e34000 	C:\Windows\system32\propsys.dll
0x00007ffa89e20000 - 0x00007ffa89fbc000 	C:\Windows\system32\NetworkExplorer.dll
0x00007ffa880b0000 - 0x00007ffa880da000 	C:\Windows\System32\thumbcache.dll
0x00007ffa8a260000 - 0x00007ffa8a284000 	C:\Windows\System32\IDStore.dll
0x00007ffa92fa0000 - 0x00007ffa92fbe000 	C:\Windows\System32\SAMLIB.dll
0x00007ffa880e0000 - 0x00007ffa88149000 	C:\Windows\System32\wlidprov.dll
0x00007ffa93200000 - 0x00007ffa9320b000 	C:\Windows\System32\drprov.dll
0x00007ffa98b10000 - 0x00007ffa98b67000 	C:\Windows\System32\WINSTA.dll
0x00007ffa92ae0000 - 0x00007ffa92af5000 	C:\Windows\System32\ntlanman.dll
0x00007ffa92950000 - 0x00007ffa9296f000 	C:\Windows\System32\davclnt.dll
0x00007ffa92b20000 - 0x00007ffa92b2b000 	C:\Windows\System32\DAVHLPR.dll
0x00007ffa97100000 - 0x00007ffa97116000 	C:\Windows\System32\wkscli.dll
0x00007ffa8df70000 - 0x00007ffa8df80000 	C:\Windows\SYSTEM32\cscapi.dll
0x00007ffa98a20000 - 0x00007ffa98a2c000 	C:\Windows\System32\netutils.dll
0x00007ffa8ac10000 - 0x00007ffa8ac85000 	C:\Windows\System32\dlnashext.dll
0x00007ffa8a640000 - 0x00007ffa8a687000 	C:\Windows\System32\PlayToDevice.dll
0x00007ffa92b00000 - 0x00007ffa92b1c000 	C:\Windows\System32\DevDispItemProvider.dll
0x00007ffa7aa40000 - 0x00007ffa7ac2f000 	C:\Windows\system32\wpdshext.dll
0x00007ffa9bcd0000 - 0x00007ffa9be68000 	C:\Windows\WinSxS\amd64_microsoft.windows.gdiplus_6595b64144ccf1df_1.1.9600.16384_none_9332526147499ed1\gdiplus.dll
0x00007ffa8d670000 - 0x00007ffa8d716000 	C:\Windows\System32\PortableDeviceApi.dll
0x00007ffa96730000 - 0x00007ffa96766000 	C:\Windows\System32\EhStorShell.dll
0x00007ffa8b110000 - 0x00007ffa8b135000 	C:\Windows\System32\EhStorAPI.dll
0x00007ffa983f0000 - 0x00007ffa98401000 	C:\Windows\System32\WTSAPI32.dll
0x00007ffa96650000 - 0x00007ffa9665c000 	C:\Windows\SYSTEM32\LINKINFO.dll
0x00000000632c0000 - 0x00000000632ea000 	C:\Program Files\Java\jre8\bin\dcpr.dll
0x00007ffa92830000 - 0x00007ffa92859000 	C:\Windows\SYSTEM32\IPHLPAPI.DLL
0x00007ffa92800000 - 0x00007ffa9280a000 	C:\Windows\SYSTEM32\WINNSI.DLL
0x00007ffa92610000 - 0x00007ffa92624000 	C:\Windows\SYSTEM32\dhcpcsvc6.DLL
0x00007ffa925f0000 - 0x00007ffa92609000 	C:\Windows\SYSTEM32\dhcpcsvc.DLL
0x000000006bb80000 - 0x000000006bbcb000 	C:\Program Files\swipl\bin\jpl.dll
0x0000000062480000 - 0x00000000624a9000 	C:\Program Files\swipl\bin\pthreadGC2.dll
0x0000000070200000 - 0x0000000070341000 	C:\Program Files\swipl\bin\libswipl.dll
0x000000006acc0000 - 0x000000006ad34000 	C:\Program Files\swipl\bin\libgmp-10.dll
0x00007ffa88900000 - 0x00007ffa88a88000 	C:\Windows\SYSTEM32\dbghelp.dll

VM Arguments:
jvm_args: -agentlib:jdwp=transport=dt_socket,suspend=y,address=localhost:59107 -Djava.library.path=C:\Program Files\swipl\bin;. -Dfile.encoding=Cp1252 
java_command: com.variamos.gui.maineditor.Main
java_class_path (initial): O:\VariaMos_git\com.variamos.gui\bin;O:\VariaMos_git\com.variamos.gui\lib\mxgraph.jar;O:\VariaMos_git\com.cfm.productline.solver\lib\SWIProlog\jpl.jar;O:\VariaMos_git\com.cfm.productline.solver\bin;O:\VariaMos_git\com.cfm.productline.io\bin;O:\VariaMos_git\com.cfm.productline.io\lib\sxfm.jar;O:\VariaMos_git\com.variamos.genericModel\bin;O:\VariaMos_git\com.cfm.hlcl\bin;C:\programas\eclipseLuna64\plugins\org.junit_4.11.0.v201303080030\junit.jar;C:\programas\eclipseLuna64\plugins\org.hamcrest.core_1.3.0.v201303031735.jar;O:\VariaMos_git\com.variamos.core\bin;O:\VariaMos_git\com.cfm.productline.compiler\bin;O:\VariaMos_git\com.cfm.jgprolog.core\bin;O:\VariaMos_git\com.cfm.jgprolog.gnuprolog\bin;O:\VariaMos_git\com.cfm.jgprolog.gnuprolog\lib\gluegen-rt-natives-windows-i586.jar;O:\VariaMos_git\com.cfm.jgprolog.gnuprolog\lib\gluegen-rt.jar;O:\VariaMos_git\com.cfm.jgprolog.gnuprolog\lib\gluegen.jar;O:\VariaMos_git\com.cfm.jgprolog.gnuprolog\lib\gluegen-rt-natives-macosx-universal.jar;O:\VariaMos_git\com.variamos.gui\lib\gson-2.2.3.jar;O:\VariaMos_git\com.variamos.gui\lib\splot_prolog.jar;O:\VariaMos_git\com.variamos.pl.configurator\bin;O:\VariaMos_git\com.variamos.pl.configurator\lib\gson-2.2.3.jar;O:\VariaMos_git\com.variamos.pl.configurator\lib\interprolog.jar;O:\VariaMos_git\com.variamos.pl.configurator\lib\jpl.jar;O:\VariaMos_git\com.variamos.pl.configurator\lib\mxgraph.jar;O:\VariaMos_git\com.variamos.pl.configurator\lib\splot_prolog.jar;O:\VariaMos_git\com.variamos.defectAnalyzer\lib\SWIProlog\jpl.jar;O:\VariaMos_git\com.variamos.defectAnalyzer\bin;O:\VariaMos_git\com.variamos.defectAnalyzer\lib\poi-3.7-20101029.jar;O:\VariaMos_git\com.variamos.defectAnalyzer\lib\poi-ooxml-3.7-20101029.jar;O:\VariaMos_git\com.variamos.defectAnalyzer\lib\poi-ooxml-schemas-3.7-20101029.jar;O:\VariaMos_git\com.variamos.defectAnalyzer\lib\poi-scratchpad-3.7-20101029.jar;O:\VariaMos_git\com.variamos.defectAnalyzer\lib\gnuProlog\com.cfm.jgprolog.core.jar;O:\Var
Launcher Type: SUN_STANDARD

Environment Variables:
JAVA_HOME=C:\Program Files\Java\jdk1.7.0_60
CLASSPATH=.;C:\Program Files\swipl\lib\jpl.jar;C:\Program Files\swipl\lib\
PATH=C:\Program Files\swipl\lib\jpl.jar;C:\Program Files\swipl\bin;C:\Program Files (x86)\Intel\iCLS Client\;C:\Program Files\Intel\iCLS Client\;C:\Windows\system32;C:\Windows;C:\Windows\System32\Wbem;C:\Windows\System32\WindowsPowerShell\v1.0\;C:\Program Files\Intel\Intel(R) Management Engine Components\DAL;C:\Program Files\Intel\Intel(R) Management Engine Components\IPT;C:\Program Files (x86)\Intel\Intel(R) Management Engine Components\DAL;C:\Program Files (x86)\Intel\Intel(R) Management Engine Components\IPT;C:\Program Files\MiKTeX 2.9\miktex\bin\x64\;C:\Program Files\TortoiseSVN\bin;C:\Program Files\Intel\WiFi\bin\;C:\Program Files\Common Files\Intel\WirelessCommon\;C:\Program Files\Java\jdk1.7.0_60\lib;C:\Program Files\Java\jdk1.7.0_60\bin;C:\Program Files\Intel\WiFi\bin\;C:\Program Files\Common Files\Intel\WirelessCommon\
USERNAME=jcmunoz
OS=Windows_NT
PROCESSOR_IDENTIFIER=Intel64 Family 6 Model 58 Stepping 9, GenuineIntel



---------------  S Y S T E M  ---------------

OS: Windows 8.1 , 64 bit Build 9600 

CPU:total 4 (2 cores per cpu, 2 threads per core) family 6 model 58 stepping 9, cmov, cx8, fxsr, mmx, sse, sse2, sse3, ssse3, sse4.1, sse4.2, popcnt, avx, aes, clmul, erms, ht, tsc, tscinvbit

Memory: 4k page, physical 4073784k(268692k free), swap 10627384k(5006424k free)

vm_info: Java HotSpot(TM) 64-Bit Server VM (25.5-b02) for windows-amd64 JRE (1.8.0_05-b13), built on Mar 18 2014 01:08:39 by "java_re" with MS VC++ 10.0 (VS2010)

time: Sat Jan 24 15:30:03 2015
elapsed time: 292 seconds

